[27/Mar/2023 13:49:43] [m[m"GET / HTTP/1.1" 200 14434[0m[0m basehttp.py INFO
[27/Mar/2023 13:55:21,953] /Users/radix-dev/PycharmProjects/dgu/MainPartSiteDGU/MainPartSiteDGU/settings.py changed, reloading. autoreload.py INFO
[27/Mar/2023 13:55:22,835] Watching for file changes with StatReloader autoreload.py INFO
[27/Mar/2023 14:21:48,946] /Users/radix-dev/PycharmProjects/dgu/MainPartSiteDGU/Students/views.py changed, reloading. autoreload.py INFO
[27/Mar/2023 14:21:49,751] Watching for file changes with StatReloader autoreload.py INFO
[27/Mar/2023 14:21:52] [32m[32m"GET /student/logout/ HTTP/1.1" 302 0[0m[0m basehttp.py INFO
[27/Mar/2023 14:21:52] [m[m"GET /student/login/ HTTP/1.1" 200 13818[0m[0m basehttp.py INFO
[27/Mar/2023 14:22:32,738] /Users/radix-dev/PycharmProjects/dgu/MainPartSiteDGU/Students/views.py changed, reloading. autoreload.py INFO
[27/Mar/2023 14:22:33,254] Watching for file changes with StatReloader autoreload.py INFO
[27/Mar/2023 14:22:33,320] test views.py INFO
[27/Mar/2023 14:22:40] [m[m"GET /student/login/ HTTP/1.1" 200 13818[0m[0m basehttp.py INFO
[27/Mar/2023 14:23:30] [m[m"GET /student/login/ HTTP/1.1" 200 13818[0m[0m basehttp.py INFO
[27/Mar/2023 14:23:40] [m[m"GET /student/login/ HTTP/1.1" 200 13818[0m[0m basehttp.py INFO
[27/Mar/2023 14:25:37,838] Watching for file changes with StatReloader autoreload.py INFO
[27/Mar/2023 14:25:37,922] test views.py INFO
[27/Mar/2023 14:25:50] [m[m"GET /student/login/ HTTP/1.1" 200 13818[0m[0m basehttp.py INFO
[27/Mar/2023 14:25:51] [m[m"GET /student/login/ HTTP/1.1" 200 13818[0m[0m basehttp.py INFO
[27/Mar/2023 14:26:11] [32m[32m"POST /student/login/ HTTP/1.1" 302 0[0m[0m basehttp.py INFO
[27/Mar/2023 14:26:11] [m[m"GET / HTTP/1.1" 200 14434[0m[0m basehttp.py INFO
[27/Mar/2023 14:26:11] [m[m"GET /media/Events/2023/03.13/%D0%A1%D0%BD%D0%B8%D0%BC%D0%BE%D0%BA_%D1%8D%D0%BA%D1%80%D0%B0%D0%BD%D0%B0_2022-12-03_%D0%B2_18.42.06.png HTTP/1.1" 200 234767[0m[0m basehttp.py INFO
[27/Mar/2023 14:26:14] [m[m"GET /student/list_students/ HTTP/1.1" 200 17883[0m[0m basehttp.py INFO
[27/Mar/2023 14:26:14] [m[m"GET /media/photo_student/2023/03.13/%D0%A1%D0%BD%D0%B8%D0%BC%D0%BE%D0%BA_%D1%8D%D0%BA%D1%80%D0%B0%D0%BD%D0%B0_2022-12-03_%D0%B2_18.42.06.png HTTP/1.1" 200 234767[0m[0m basehttp.py INFO
[27/Mar/2023 14:26:14] [m[m"GET /media/photo_student/2023/03.16/%D0%A1%D0%BD%D0%B8%D0%BC%D0%BE%D0%BA_%D1%8D%D0%BA%D1%80%D0%B0%D0%BD%D0%B0_2022-12-03_%D0%B2_18.42.06.png HTTP/1.1" 200 234767[0m[0m basehttp.py INFO
[27/Mar/2023 14:26:14] [m[m"GET /media/photo_student/2023/03.12/%D0%A1%D0%BD%D0%B8%D0%BC%D0%BE%D0%BA_%D1%8D%D0%BA%D1%80%D0%B0%D0%BD%D0%B0_2022-12-03_%D0%B2_18.42.06.png HTTP/1.1" 200 234767[0m[0m basehttp.py INFO
[27/Mar/2023 14:26:14] [m[m"GET /media/photo_student/2023/03.16/%D0%A1%D0%BD%D0%B8%D0%BC%D0%BE%D0%BA_%D1%8D%D0%BA%D1%80%D0%B0%D0%BD%D0%B0_2022-12-03_%D0%B2_18.42.06_wEIWHud.png HTTP/1.1" 200 234767[0m[0m basehttp.py INFO
[27/Mar/2023 14:26:14] [m[m"GET /media/default_img/default.png HTTP/1.1" 200 328529[0m[0m basehttp.py INFO
[27/Mar/2023 14:26:36,255] /Users/radix-dev/PycharmProjects/dgu/MainPartSiteDGU/Students/views.py changed, reloading. autoreload.py INFO
[27/Mar/2023 14:26:36,773] Watching for file changes with StatReloader autoreload.py INFO
[27/Mar/2023 14:26:36,853] test views.py INFO
[27/Mar/2023 14:26:36,853] test views.py INFO
[27/Mar/2023 14:26:41] [m[m"GET /student/list_students/ HTTP/1.1" 200 17883[0m[0m basehttp.py INFO
[27/Mar/2023 14:26:43] [m[m"GET /student/list_students/ HTTP/1.1" 200 17883[0m[0m basehttp.py INFO
[27/Mar/2023 14:26:56,025] Watching for file changes with StatReloader autoreload.py INFO
[27/Mar/2023 14:26:56,082] test views.py INFO
[27/Mar/2023 14:26:56,082] test views.py INFO
[27/Mar/2023 14:27:28,313] /Users/radix-dev/PycharmProjects/dgu/MainPartSiteDGU/MainPartSiteDGU/settings.py changed, reloading. autoreload.py INFO
[27/Mar/2023 14:27:28,787] Watching for file changes with StatReloader autoreload.py INFO
[27/Mar/2023 14:27:28,852] test views.py INFO
[27/Mar/2023 14:27:28,852] test views.py INFO
[27/Mar/2023 14:27:34] [m[m"GET /student/list_students/ HTTP/1.1" 200 17883[0m[0m basehttp.py INFO
[27/Mar/2023 14:27:34] [m[m"GET /student/list_students/ HTTP/1.1" 200 17883[0m[0m basehttp.py INFO
[27/Mar/2023 14:27:34] [m[m"GET /student/list_students/ HTTP/1.1" 200 17883[0m[0m basehttp.py INFO
[27/Mar/2023 14:27:35] [m[m"GET /student/list_students/ HTTP/1.1" 200 17883[0m[0m basehttp.py INFO
[27/Mar/2023 14:27:35] [m[m"GET /student/list_students/ HTTP/1.1" 200 17883[0m[0m basehttp.py INFO
[27/Mar/2023 14:27:42] [m[m"GET /create_events/ HTTP/1.1" 200 15306[0m[0m basehttp.py INFO
[27/Mar/2023 14:27:44] [m[m"GET /student/list_students/ HTTP/1.1" 200 17883[0m[0m basehttp.py INFO
[27/Mar/2023 14:29:46,931] /Users/radix-dev/PycharmProjects/dgu/MainPartSiteDGU/MainPartSiteDGU/settings.py changed, reloading. autoreload.py INFO
{"message": "Watching for file changes with StatReloader", "timestamp": "2023-03-27T14:29:47", "level": "INFO", "file": "/Users/radix-dev/PycharmProjects/dgu/venv/lib/python3.10/site-packages/django/utils/autoreload.py"}
{"message": "test", "timestamp": "2023-03-27T14:29:47", "level": "INFO", "file": "/Users/radix-dev/PycharmProjects/dgu/MainPartSiteDGU/Students/views.py"}
{"message": "test", "timestamp": "2023-03-27T14:29:47", "level": "INFO", "file": "/Users/radix-dev/PycharmProjects/dgu/MainPartSiteDGU/Students/views.py"}
{"message": "\"GET /student/list_students/ HTTP/1.1\" 200 17883", "request": "<socket.socket fd=4, family=AddressFamily.AF_INET, type=SocketKind.SOCK_STREAM, proto=0, laddr=('127.0.0.1', 8001), raddr=('127.0.0.1', 54673)>", "server_time": "27/Mar/2023 14:30:06", "status_code": 200, "timestamp": "2023-03-27T14:30:06", "level": "INFO", "file": "/Users/radix-dev/PycharmProjects/dgu/venv/lib/python3.10/site-packages/django/core/servers/basehttp.py"}
{"message": "/Users/radix-dev/PycharmProjects/dgu/MainPartSiteDGU/MainPartSiteDGU/settings.py changed, reloading.", "timestamp": "2023-03-27T14:30:58", "level": "INFO", "file": "/Users/radix-dev/PycharmProjects/dgu/venv/lib/python3.10/site-packages/django/utils/autoreload.py"}
[27/Mar/2023 14:30:59,238] Watching for file changes with StatReloader autoreload.py INFO
[27/Mar/2023 14:30:59,294] test views.py INFO
[27/Mar/2023 14:30:59,295] test views.py INFO
[27/Mar/2023 14:31:08,895] /Users/radix-dev/PycharmProjects/dgu/MainPartSiteDGU/Students/views.py changed, reloading. autoreload.py INFO
[27/Mar/2023 14:31:09,368] Watching for file changes with StatReloader autoreload.py INFO
[27/Mar/2023 14:31:13] [m[m"GET /student/list_students/ HTTP/1.1" 200 17883[0m[0m basehttp.py INFO
[27/Mar/2023 14:31:23,753] /Users/radix-dev/PycharmProjects/dgu/MainPartSiteDGU/Students/views.py changed, reloading. autoreload.py INFO
[27/Mar/2023 14:31:24,186] Watching for file changes with StatReloader autoreload.py INFO
[27/Mar/2023 14:31:46,214] /Users/radix-dev/PycharmProjects/dgu/MainPartSiteDGU/Students/views.py changed, reloading. autoreload.py INFO
[27/Mar/2023 14:31:46,673] Watching for file changes with StatReloader autoreload.py INFO
[27/Mar/2023 14:33:54,549] /Users/radix-dev/PycharmProjects/dgu/MainPartSiteDGU/Students/views.py changed, reloading. autoreload.py INFO
[27/Mar/2023 14:33:55,074] Watching for file changes with StatReloader autoreload.py INFO
[27/Mar/2023 14:36:14,101] /Users/radix-dev/PycharmProjects/dgu/MainPartSiteDGU/Students/views.py changed, reloading. autoreload.py INFO
[27/Mar/2023 14:36:14,539] Watching for file changes with StatReloader autoreload.py INFO
[27/Mar/2023 14:36:20] [m[m"GET /student/list_students/ HTTP/1.1" 200 17883[0m[0m basehttp.py INFO
[27/Mar/2023 14:36:21] [m[m"GET /student/list_students/ HTTP/1.1" 200 17883[0m[0m basehttp.py INFO
[27/Mar/2023 14:36:24] [m[m"GET /student/list_students/ HTTP/1.1" 200 17883[0m[0m basehttp.py INFO
[27/Mar/2023 14:36:25] [m[m"GET /student/list_students/ HTTP/1.1" 200 17883[0m[0m basehttp.py INFO
